Metropolica Server running at http://localhost:3000
[inspect] centro-citizen-1 -> level 3 (inspection), home=(21,23), work=(16,7)
[inspect] centro-citizen-2 -> level 3 (inspection), home=(21,23), work=(27,7)
[inspect] centro-citizen-3 -> level 3 (inspection), home=(21,23), work=(30,10)
[inspect] centro-citizen-9 -> level 3 (inspection), home=(21,23), work=(27,31)
[inspect] centro-citizen-8 -> level 3 (inspection), home=(21,23), work=(27,7)
[inspect] centro-citizen-8 -> level 2 (inactive), home=(21,23), work=(27,7)
[inspect] centro-citizen-8 -> level 3 (inspection), home=(21,23), work=(27,7)
[inspect] centro-citizen-8 -> level 2 (inactive), home=(21,23), work=(27,7)
[inspect] centro-citizen-9 -> level 2 (inactive), home=(21,23), work=(27,31)
[inspect] centro-citizen-10 -> level 3 (inspection), home=(21,23), work=(16,7)
[inspect] centro-citizen-10 -> level 2 (inactive), home=(21,23), work=(16,7)
Change detected in '/home/netss/Projects/Metropolica/src/simulation/scenario/map.ts'
Restarting '/home/netss/Projects/Metropolica/scripts/serve.ts'
Metropolica Server running at http://localhost:3000
Change detected in '/home/netss/Projects/Metropolica/src/simulation/scenario/map.ts'
Restarting '/home/netss/Projects/Metropolica/scripts/serve.ts'
Metropolica Server running at http://localhost:3000
Change detected in '/home/netss/Projects/Metropolica/src/simulation/scenario/mapParks.ts'
Restarting '/home/netss/Projects/Metropolica/scripts/serve.ts'
Metropolica Server running at http://localhost:3000
Change detected in '/home/netss/Projects/Metropolica/src/simulation/citizens/destinations.ts'
Restarting '/home/netss/Projects/Metropolica/scripts/serve.ts'
Metropolica Server running at http://localhost:3000
Change detected in '/home/netss/Projects/Metropolica/scripts/server/apiState.ts'
Restarting '/home/netss/Projects/Metropolica/scripts/serve.ts'
Metropolica Server running at http://localhost:3000
Change detected in '/home/netss/Projects/Metropolica/src/simulation/citizens/destinations.ts'
Restarting '/home/netss/Projects/Metropolica/scripts/serve.ts'
Metropolica Server running at http://localhost:3000
Change detected in '/home/netss/Projects/Metropolica/src/simulation/districts/zoning.ts'
Restarting '/home/netss/Projects/Metropolica/scripts/serve.ts'
Metropolica Server running at http://localhost:3000
Change detected in '/home/netss/Projects/Metropolica/src/simulation/economy/loop.ts'
Restarting '/home/netss/Projects/Metropolica/scripts/serve.ts'
Metropolica Server running at http://localhost:3000
