▲ Next.js 16.2.10 (webpack)
- Local:         http://localhost:3001
- Network:       http://192.168.68.55:3001
✓ Ready in 324ms

[HOME RENDER]
[HOME RENDER]
 GET / 200 in 46ms (next.js: 4ms, application-code: 41ms)
[HOME RENDER]
 GET / 200 in 52ms (next.js: 6ms, application-code: 46ms)
[browser] Uncaught ReferenceError: fromIsIntersection is not defined
    at drawSidewalkInfrastructure (src/lib/sidewalkSystem.ts:52:23)
    at useMapRenderer.useEffect.draw (src/components/canvasMap/useMapRenderer.ts:30:33)
  50 |
  51 |         const isLeft = side === 'left';
> 52 |         const start = fromIsIntersection ? (isLeft ? startLeft : startRight) : 0;
     |                       ^
  53 |         const end = toIsIntersection ? (isLeft ? endLeft : endRight) : 1;
  54 |
  55 |         const startX = a.x + (b.x - a.x) * start;
[HOME RENDER]
 GET / 200 in 389ms (next.js: 111ms, application-code: 279ms)
[browser] Uncaught ReferenceError: fromIsIntersection is not defined
    at drawSidewalkInfrastructure (src/lib/sidewalkSystem.ts:52:23)
    at useMapRenderer.useEffect.draw (src/components/canvasMap/useMapRenderer.ts:30:33)
  50 |
  51 |         const isLeft = side === 'left';
> 52 |         const start = fromIsIntersection ? (isLeft ? startLeft : startRight) : 0;
     |                       ^
  53 |         const end = toIsIntersection ? (isLeft ? endLeft : endRight) : 1;
  54 |
  55 |         const startX = a.x + (b.x - a.x) * start;
[browser] Uncaught ReferenceError: fromIsIntersection is not defined
    at drawSidewalkInfrastructure (src/lib/sidewalkSystem.ts:52:23)
    at useMapRenderer.useEffect.draw (src/components/canvasMap/useMapRenderer.ts:30:33)
  50 |
  51 |         const isLeft = side === 'left';
> 52 |         const start = fromIsIntersection ? (isLeft ? startLeft : startRight) : 0;
     |                       ^
  53 |         const end = toIsIntersection ? (isLeft ? endLeft : endRight) : 1;
  54 |
  55 |         const startX = a.x + (b.x - a.x) * start;
[HOME RENDER]
 GET / 200 in 996ms (next.js: 402ms, application-code: 594ms)
[browser] ./src/lib/citizens/transit.ts
Error: 

Caused by:
    0: Failed to read source code from /home/netss/Projects/Metropolica/frontend/src/lib/citizens/transit.ts
    1: No such file or directory (os error 2)

Import trace for requested module:
./src/lib/citizens/transit.ts
./src/lib/citizens/index.ts
./src/components/canvasMap/useMapRenderer.ts
./src/components/CanvasMap.tsx 
[HOME RENDER]
 GET / 200 in 347ms (next.js: 123ms, application-code: 224ms)
[browser] Uncaught TypeError: citizens.find is not a function
    at renderVehicle (src/lib/citizens/transitRender.ts:109:28)
    at Object.updateAndDraw (src/lib/citizens/transit.ts:100:22)
    at useMapRenderer.useEffect.draw (src/components/canvasMap/useMapRenderer.ts:43:376)
  107 |   if (!render || (!roadPoint && !destination)) return;
  108 |
> 109 |   const citizen = citizens.find(c => c.id === trip.citizenId);
      |                            ^
  110 |   const nextProjected = from && to && project ? project(to.col, to.row) : undefined;
  111 |   const currentProjected = from && project ? project(from.col, from.row) : undefined;
  112 |   const heading = currentProjected && nextProjected
[HOME RENDER]
 GET / 200 in 382ms (next.js: 128ms, application-code: 255ms)
[HOME RENDER]
 GET / 200 in 495ms (next.js: 117ms, application-code: 377ms)
[browser] ./src/lib/citizens/transitRender.ts
Module parse failed: Identifier 'nextProjected' has already been declared (89:10)
|     if (!render || !roadPoint && !destination) return;
|     const citizen = citizens.find((c)=>c.id === trip.citizenId);
>     const nextProjected = from && to && project ? project(to.col, to.row) : undefined;
|     const currentProjected = from && project ? project(from.col, from.row) : undefined;
|     const heading = currentProjected && nextProjected ? Math.atan2(nextProjected.y - currentProjected.y, nextProjected.x - currentProjected.x) : 0;

Import trace for requested module:
./src/lib/citizens/transitRender.ts
./src/lib/citizens/transit.ts
./src/lib/citizens/index.ts
./src/components/canvasMap/useMapRenderer.ts
./src/components/CanvasMap.tsx 
⨯ ./src/lib/citizens/transitRender.ts
Module parse failed: Identifier 'nextProjected' has already been declared (89:10)
|     if (!render || !roadPoint && !destination) return;
|     const citizen = citizens.find((c)=>c.id === trip.citizenId);
>     const nextProjected = from && to && project ? project(to.col, to.row) : undefined;
|     const currentProjected = from && project ? project(from.col, from.row) : undefined;
|     const heading = currentProjected && nextProjected ? Math.atan2(nextProjected.y - currentProjected.y, nextProjected.x - currentProjected.x) : 0;

Import trace for requested module:
./src/lib/citizens/transitRender.ts
./src/lib/citizens/transit.ts
./src/lib/citizens/index.ts
./src/components/canvasMap/useMapRenderer.ts
./src/components/CanvasMap.tsx
[browser] ./src/lib/citizens/transitRender.ts
Module parse failed: Identifier 'nextProjected' has already been declared (89:10)
|     if (!render || !roadPoint && !destination) return;
|     const citizen = citizens.find((c)=>c.id === trip.citizenId);
>     const nextProjected = from && to && project ? project(to.col, to.row) : undefined;
|     const currentProjected = from && project ? project(from.col, from.row) : undefined;
|     const heading = currentProjected && nextProjected ? Math.atan2(nextProjected.y - currentProjected.y, nextProjected.x - currentProjected.x) : 0;

Import trace for requested module:
./src/lib/citizens/transitRender.ts
./src/lib/citizens/transit.ts
./src/lib/citizens/index.ts
./src/components/canvasMap/useMapRenderer.ts
./src/components/CanvasMap.tsx 
[HOME RENDER]
 GET / 200 in 444ms (next.js: 194ms, application-code: 251ms)
[HOME RENDER]
 GET / 200 in 287ms (next.js: 67ms, application-code: 220ms)
[HOME RENDER]
 GET / 200 in 2.6s (next.js: 990ms, application-code: 1614ms)
[HOME RENDER]
 GET / 200 in 655ms (next.js: 243ms, application-code: 412ms)
⚠ Fast Refresh had to perform a full reload due to a runtime error.
[HOME RENDER]
⨯ ReferenceError: React is not defined
    at CanvasMap (src/components/CanvasMap.tsx:18:3)
  16 |   const renderer = useMapRenderer({ canvasRef, miniMapRef, tileMapRef, simStateRef, mapCol...
  17 |   useMapInteraction({ canvasRef, camera, tileMapRef, simStateRef, currentToolRef, selected...
> 18 |   React.useEffect(() => {
     |   ^
  19 |     const handleInspectPed = (e: Event) => {
  20 |       const citizen = (e as CustomEvent).detail;
  21 |       if (!citizen) return; {
  digest: '4172355314'
}
[browser] Uncaught ReferenceError: React is not defined
    at CanvasMap (src/components/CanvasMap.tsx:18:3)
    at Home (src/app/page.tsx:13:9)
  16 |   const renderer = useMapRenderer({ canvasRef, miniMapRef, tileMapRef, simStateRef, mapCol...
  17 |   useMapInteraction({ canvasRef, camera, tileMapRef, simStateRef, currentToolRef, selected...
> 18 |   React.useEffect(() => {
     |   ^
  19 |     const handleInspectPed = (e: Event) => {
  20 |       const citizen = (e as CustomEvent).detail;
  21 |       if (!citizen) return;
 GET / 500 in 301ms (next.js: 62ms, application-code: 239ms)
[browser] Uncaught ReferenceError: React is not defined
    at CanvasMap (src/components/CanvasMap.tsx:18:3)
    at Home (src/app/page.tsx:13:9)
  16 |   const renderer = useMapRenderer({ canvasRef, miniMapRef, tileMapRef, simStateRef, mapCol...
  17 |   useMapInteraction({ canvasRef, camera, tileMapRef, simStateRef, currentToolRef, selected...
> 18 |   React.useEffect(() => {
     |   ^
  19 |     const handleInspectPed = (e: Event) => {
  20 |       const citizen = (e as CustomEvent).detail;
  21 |       if (!citizen) return;
⚠ Fast Refresh had to perform a full reload due to a runtime error.
[HOME RENDER]
[HOME RENDER]
⨯ ReferenceError: React is not defined
    at CanvasMap (src/components/CanvasMap.tsx:18:3)
  16 |   const renderer = useMapRenderer({ canvasRef, miniMapRef, tileMapRef, simStateRef, mapCol...
  17 |   useMapInteraction({ canvasRef, camera, tileMapRef, simStateRef, currentToolRef, selected...
> 18 |   React.useEffect(() => {
     |   ^
  19 |     const handleInspectPed = (e: Event) => {
  20 |       const citizen = (e as CustomEvent).detail;
  21 |       if (!citizen) return; {
  digest: '4172355314'
}
⨯ ReferenceError: React is not defined
    at CanvasMap (src/components/CanvasMap.tsx:18:3)
  16 |   const renderer = useMapRenderer({ canvasRef, miniMapRef, tileMapRef, simStateRef, mapCol...
  17 |   useMapInteraction({ canvasRef, camera, tileMapRef, simStateRef, currentToolRef, selected...
> 18 |   React.useEffect(() => {
     |   ^
  19 |     const handleInspectPed = (e: Event) => {
  20 |       const citizen = (e as CustomEvent).detail;
  21 |       if (!citizen) return; {
  digest: '4172355314'
}
 GET / 500 in 291ms (next.js: 85ms, application-code: 206ms)
[browser] Uncaught ReferenceError: React is not defined
    at CanvasMap (src/components/CanvasMap.tsx:18:3)
    at Home (src/app/page.tsx:13:9)
  16 |   const renderer = useMapRenderer({ canvasRef, miniMapRef, tileMapRef, simStateRef, mapCol...
  17 |   useMapInteraction({ canvasRef, camera, tileMapRef, simStateRef, currentToolRef, selected...
> 18 |   React.useEffect(() => {
     |   ^
  19 |     const handleInspectPed = (e: Event) => {
  20 |       const citizen = (e as CustomEvent).detail;
  21 |       if (!citizen) return;
⚠ Fast Refresh had to perform a full reload due to a runtime error.
[HOME RENDER]
 GET / 200 in 204ms (next.js: 62ms, application-code: 142ms)
[HOME RENDER]
 GET / 200 in 356ms (next.js: 118ms, application-code: 238ms)
[HOME RENDER]
 GET / 200 in 91ms (next.js: 5ms, application-code: 86ms)
⨯ ./src/lib/pedestrianSprites.ts
Error:   x Expression expected
    ,-[/home/netss/Projects/Metropolica/frontend/src/lib/pedestrianSprites.ts:50:1]
 47 |           points.push(sidewalkPoint(project, to, next, side, zoom));
 48 |         }
 49 |       }
 50 |     }
    :     ^
 51 |   }
 52 |   return points.filter((point, index) => index === 0 || Math.hypot(point.x - points[index - 1].x, point.y - points[index - 1].y) > 0.01);
 53 | }
    `----

Caused by:
    Syntax Error

Import trace for requested module:
./src/lib/pedestrianSprites.ts
./src/components/canvasMap/useMapRenderer.ts
./src/components/CanvasMap.tsx
[browser] ./src/lib/pedestrianSprites.ts
Error:   x Expression expected
    ,-[/home/netss/Projects/Metropolica/frontend/src/lib/pedestrianSprites.ts:50:1]
 47 |           points.push(sidewalkPoint(project, to, next, side, zoom));
 48 |         }
 49 |       }
 50 |     }
    :     ^
 51 |   }
 52 |   return points.filter((point, index) => index === 0 || Math.hypot(point.x - points[index - 1].x, point.y - points[index - 1].y) > 0.01);
 53 | }
    `----

Caused by:
    Syntax Error

Import trace for requested module:
./src/lib/pedestrianSprites.ts
./src/components/canvasMap/useMapRenderer.ts
./src/components/CanvasMap.tsx 
[browser] ./src/lib/pedestrianSprites.ts
Error:   x Expression expected
    ,-[/home/netss/Projects/Metropolica/frontend/src/lib/pedestrianSprites.ts:50:1]
 47 |           points.push(sidewalkPoint(project, to, next, side, zoom));
 48 |         }
 49 |       }
 50 |     }
    :     ^
 51 |   }
 52 |   return points.filter((point, index) => index === 0 || Math.hypot(point.x - points[index - 1].x, point.y - points[index - 1].y) > 0.01);
 53 | }
    `----

Caused by:
    Syntax Error

Import trace for requested module:
./src/lib/pedestrianSprites.ts
./src/components/canvasMap/useMapRenderer.ts
./src/components/CanvasMap.tsx 
[HOME RENDER]
 GET / 200 in 438ms (next.js: 193ms, application-code: 245ms)
[HOME RENDER]
 GET / 200 in 452ms (next.js: 112ms, application-code: 340ms)
[HOME RENDER]
 GET / 200 in 149ms (next.js: 61ms, application-code: 88ms)
[HOME RENDER]
 GET / 200 in 183ms (next.js: 102ms, application-code: 81ms)
[browser] ./src/components/CanvasMap.tsx
Error:   x Return statement is not allowed here
    ,-[/home/netss/Projects/Metropolica/frontend/src/components/CanvasMap.tsx:78:1]
 75 |     };
 76 |   }, [selectedEntity]);
 77 | 
 78 |   return <><canvas ref={canvasRef} id="city-canvas" tabIndex={0} /><button className="render-diagnostics-copy" onClick={() => copyRenderDiagnostics().catch(() => undefined)}>Copiar diagnóstico</button>{!miniVisible && <button className="minimap-show" onClick={() => setMiniVisible(true)}>Mostrar minimapa</button>}{miniVisible && <div className="test-minimap" style={{ left: miniPosition.x ?? undefined, right: miniPosition.x === null ? 16 : undefined, top: miniPosition.y }}><div className="minimap-header" onPointerDown={e => { const rect = e.currentTarget.parentElement!.getBoundingClientRect(); miniWindowDragRef.current = { dx: e.clientX - rect.left, dy: e.clientY - rect.top }; e.currentTarget.setPointerCapture(e.pointerId); }} onPointerMove={e => { if (miniWindowDragRef.current) setMiniPosition({ x: Math.max(0, e.clientX - miniWindowDragRef.current.dx), y: Math.max(0, e.clientY - miniWindowDragRef.current.dy) }); }} onPointerUp={() => { miniWindowDragRef.current = null; }}><span>MINIMAP · clic/arrastre</span><button onPointerDown={e => e.stopPropagation()} onClick={() => setMiniVisible(false)}>Ocultar</button></div><canvas ref={miniMapRef} width={288} height={216} /></div>}{selectedEntity && <div className={`inspector-wrapper ${isFading ? 'fade-out' : ''}`} onMouseEnter={resetFadeTimer} onMouseLeave={startFadeTimer} onClick={resetFadeTimer} onFocus={resetFadeTimer}>{selectedEntity.kind === 'citizen' && <CitizenInspector citizen={selectedEntity.value} hour={simState?.hour ?? 0} onClose={() => setSelectedEntity(null)} />}{selectedEntity.kind === 'house' && <HouseInspector house={selectedEntity.value} onClose={() => setSelectedEntity(null)} onSelectCitizen={selectCitizen} />}{selectedEntity.kind === 'tile' && <div className="citizen-inspector house-inspector"><button className="inspector-close" onClick={() => setSelectedEntity(null)} aria-label="Cerrar">×</button><small className="inspector-eyebrow">ELEMENTO DEL MAPA</small><strong className="inspector-title">{getFriendlyTileLabel(selectedEntity.value)}</strong><div className="inspector-location">⌖ {selectedEntity.value.owner ?? 'Sin distrito'} <small>({selectedEntity.value.col}, {selectedEntity.value.row})</small></div></div>}</div>}</>;
    :   ^^^^^^^^^^^^^^^^^^^^^^^^^^^^^^^^^^^^^^^^^^^^^^^^^^^^^^^^^^^^^^^^^^^^^^^^^^^^^^^^^^^^^^^^^^^^^^^^^^^^^^^^^^^^^^^^^^^^^^^^^^^^^^^^^^^^^^^^^^^^^^^^^^^^^^^^^^^^^^^^^^^^^^^^^^^^^^^^^^^^^^^^^^^^^^^^^^^^^^^^^^^^^^^^^^^^^^^^^^^^^^^^^^^^^^^^^^^^^^^^^^^^^^^^^^^^^^^^^^^^^^^^^^^^^^^^^^^^^^^^^^^^^^^^^^^^^^^^^^^^^^^^^^^^^^^^^^^^^^^^^^^^^^^^^^^^^^^^^^^^^^^^^^^^^^^^^^^^^^^^^^^^^^^^^^^^^^^^^^^^^^^^^^^^^^^^^^^^^^^^^^^^^^^^^^^^^^^^^^^^^^^^^^^^^^^^^^^^^^^^^^^^^^^^^^^^^^^^^^^^^^^^^^^^^^^^^^^^^^^^^^^^^^^^^^^^^^^^^^^^^^^^^^^^^^^^^^^^^^^^^^^^^^^^^^^^^^^^^^^^^^^^^^^^^^^^^^^^^^^^^^^^^^^^^^^^^^^^^^^^^^^^^^^^^^^^^^^^^^^^^^^^^^^^^^^^^^^^^^^^^^^^^^^^^^^^^^^^^^^^^^^^^^^^^^^^^^^^^^^^^^^^^^^^^^^^^^^^^^^^^^^^^^^^^^^^^^^^^^^^^^^^^^^^^^^^^^^^^^^^^^^^^^^^^^^^^^^^^^^^^^^^^^^^^^^^^^^^^^^^^^^^^^^^^^^^^^^^^^^^^^^^^^^^^^^^^^^^^^^^^^^^^^^^^^^^^^^^^^^^^^^^^^^^^^^^^^^^^^^^^^^^^^^^^^^^^^^^^^^^^^^^^^^^^^^^^^^^^^^^^^^^^^^^^^^^^^^^^^^^^^^^^^^^^^^^^^^^^^^^^^^^^^^^^^^^^^^^^^^^^^^^^^^^^^^^^^^^^^^^^^^^^^^^^^^^^^^^^^^^^^^^^^^^^^^^^^^^^^^^^^^^^^^^^^^^^^^^^^^^^^^^^^^^^^^^^^^^^^^^^^^^^^^^^^^^^^^^^^^^^^^^^^^^^^^^^^^^^^^^^^^^^^^^^^^^^^^^^^^^^^^^^^^^^^^^^^^^^^^^^^^^^^^^^^^^^^^^^^^^^^^^^^^^^^^^^^^^^^^^^^^^^^^^^^^^^^^^^^^^^^^^^^^^^^^^^^^^^^^^^^^^^^^^^^^^^^^^^^^^^^^^^^^^^^^^^^^^^^^^^^^^^^^^^^^^^^^^^^^^^^^^^^^^^^^^^^^^^^^^^^^^^^^^^^^^^^^^^^^^^^^^^^^^^^^^^^^^^^^^^^^^^^^^^^^^^^^^^^^^^^^^^^^^^^^^^^^^^^^^^^^^^^^^^^^^^^^^^^^^^^^^^^^^^^^^^^^^^^^^^^^^^^^^^^^^^^^^^^^^^^^^^^^^^^^^^^^^^^^^^^^^^^^^^^^^^^^^^^^^^^^^^^^^^^^^^^^^^^^^^^^^^^^^^^^^^^^^^^^^^^^^^^^^^^^^^^^^^^^^^^^^^^^^^^^^^^^^^^^^^^^^^^^^^^^^^^^^^^^^^^^^^^^^^^^^^^^^^^^^^^^^^^^^^^^^^^^^^^^^^^^^^^^^^^^^^^^^^^^^^^^^^^^^^^^^^^^^^^^^^^^^^^^^^^^^^^^^^^^^^^^^^^^^^^^^^^^^^^^^^^^^^^^^^^^^^^^^^^^^^^^^^^^^^^^^^^^^^^^^^^^^^^^^^^^^^^^^^^^^^^^^^^^^^^^^^^^^^^^^^^^^^^^^^^^^^^^^^^^^^^^^^^^^^^^^^^^^^^^^^^^^^^^^^^^^^^^^^^^^^^^^^^^^^^^^^^^^^^^^^^^^^^^^^^^^^^^^^^^^^^^^^^^^^^^^^^^^^^^^^^^^^^^^^^^^^^^^^^^^^^^^^^^^^^^^^^^^^^^^^^^^^^^^^^^^^^^^^^^^^^^^^^^^^^^^^^^^^^^^^^^^^^^^^^^^^^^^^^^^^^^^^^^^^^^^^^^^^^^^^^^^^^^^^^^^^^^^^^^^^^^^^^^^^^^^^^^^^^^^^^^^^^^^^^^^^^^^^^^^^^^^^^^^^^^^^^^^^^^^^^^^^^^^^^^^^^^^^^^^^^^^^^^^^^^^^^^^^^^^^^^^^^^^^^^^^^^^^^^^^^^^^^^^^^^^^^^^^^^^^^^^^^^^^^^^^^^^^^^^^^^^^^^^^^^^^^^^^^^^^^^^^^^^^^^^^^^^^^^^
 79 | }
    `----
  x Expression expected
    ,-[/home/netss/Projects/Metropolica/frontend/src/components/CanvasMap.tsx:79:1]
 76 |   }, [selectedEntity]);
 77 | 
 78 |   return <><canvas ref={canvasRef} id="city-canvas" tabIndex={0} /><button className="render-diagnostics-copy" onClick={() => copyRenderDiagnostics().catch(() => undefined)}>Copiar diagnóstico</button>{!miniVisible && <button className="minimap-show" onClick={() => setMiniVisible(true)}>Mostrar minimapa</button>}{miniVisible && <div className="test-minimap" style={{ left: miniPosition.x ?? undefined, right: miniPosition.x === null ? 16 : undefined, top: miniPosition.y }}><div className="minimap-header" onPointerDown={e => { const rect = e.currentTarget.parentElement!.getBoundingClientRect(); miniWindowDragRef.current = { dx: e.clientX - rect.left, dy: e.clientY - rect.top }; e.currentTarget.setPointerCapture(e.pointerId); }} onPointerMove={e => { if (miniWindowDragRef.current) setMiniPosition({ x: Math.max(0, e.clientX - miniWindowDragRef.current.dx), y: Math.max(0, e.clientY - miniWindowDragRef.current.dy) }); }} onPointerUp={() => { miniWindowDragRef.current = null; }}><span>MINIMAP · clic/arrastre</span><button onPointerDown={e => e.stopPropagation()} onClick={() => setMiniVisible(false)}>Ocultar</button></div><canvas ref={miniMapRef} width={288} height={216} /></div>}{selectedEntity && <div className={`inspector-wrapper ${isFading ? 'fade-out' : ''}`} onMouseEnter={resetFadeTimer} onMouseLeave={startFadeTimer} onClick={resetFadeTimer} onFocus={resetFadeTimer}>{selectedEntity.kind === 'citizen' && <CitizenInspector citizen={selectedEntity.value} hour={simState?.hour ?? 0} onClose={() => setSelectedEntity(null)} />}{selectedEntity.kind === 'house' && <HouseInspector house={selectedEntity.value} onClose={() => setSelectedEntity(null)} onSelectCitizen={selectCitizen} />}{selectedEntity.kind === 'tile' && <div className="citizen-inspector house-inspector"><button className="inspector-close" onClick={() => setSelectedEntity(null)} aria-label="Cerrar">×</button><small className="inspector-eyebrow">ELEMENTO DEL MAPA</small><strong className="inspector-title">{getFriendlyTileLabel(selectedEntity.value)}</strong><div className="inspector-location">⌖ {selectedEntity.value.owner ?? 'Sin distrito'} <small>({selectedEntity.value.col}, {selectedEntity.value.row})</small></div></div>}</div>}</>;
 79 | }
    : ^
    `----

Caused by:
    Syntax Error

Import trace for requested module:
./src/components/CanvasMap.tsx
./src/app/page.tsx 
⨯ ./src/components/CanvasMap.tsx
Error:   x Return statement is not allowed here
    ,-[/home/netss/Projects/Metropolica/frontend/src/components/CanvasMap.tsx:78:1]
 75 |     };
 76 |   }, [selectedEntity]);
 77 | 
 78 |   return <><canvas ref={canvasRef} id="city-canvas" tabIndex={0} /><button className="render-diagnostics-copy" onClick={() => copyRenderDiagnostics().catch(() => undefined)}>Copiar diagnóstico</button>{!miniVisible && <button className="minimap-show" onClick={() => setMiniVisible(true)}>Mostrar minimapa</button>}{miniVisible && <div className="test-minimap" style={{ left: miniPosition.x ?? undefined, right: miniPosition.x === null ? 16 : undefined, top: miniPosition.y }}><div className="minimap-header" onPointerDown={e => { const rect = e.currentTarget.parentElement!.getBoundingClientRect(); miniWindowDragRef.current = { dx: e.clientX - rect.left, dy: e.clientY - rect.top }; e.currentTarget.setPointerCapture(e.pointerId); }} onPointerMove={e => { if (miniWindowDragRef.current) setMiniPosition({ x: Math.max(0, e.clientX - miniWindowDragRef.current.dx), y: Math.max(0, e.clientY - miniWindowDragRef.current.dy) }); }} onPointerUp={() => { miniWindowDragRef.current = null; }}><span>MINIMAP · clic/arrastre</span><button onPointerDown={e => e.stopPropagation()} onClick={() => setMiniVisible(false)}>Ocultar</button></div><canvas ref={miniMapRef} width={288} height={216} /></div>}{selectedEntity && <div className={`inspector-wrapper ${isFading ? 'fade-out' : ''}`} onMouseEnter={resetFadeTimer} onMouseLeave={startFadeTimer} onClick={resetFadeTimer} onFocus={resetFadeTimer}>{selectedEntity.kind === 'citizen' && <CitizenInspector citizen={selectedEntity.value} hour={simState?.hour ?? 0} onClose={() => setSelectedEntity(null)} />}{selectedEntity.kind === 'house' && <HouseInspector house={selectedEntity.value} onClose={() => setSelectedEntity(null)} onSelectCitizen={selectCitizen} />}{selectedEntity.kind === 'tile' && <div className="citizen-inspector house-inspector"><button className="inspector-close" onClick={() => setSelectedEntity(null)} aria-label="Cerrar">×</button><small className="inspector-eyebrow">ELEMENTO DEL MAPA</small><strong className="inspector-title">{getFriendlyTileLabel(selectedEntity.value)}</strong><div className="inspector-location">⌖ {selectedEntity.value.owner ?? 'Sin distrito'} <small>({selectedEntity.value.col}, {selectedEntity.value.row})</small></div></div>}</div>}</>;
    :   ^^^^^^^^^^^^^^^^^^^^^^^^^^^^^^^^^^^^^^^^^^^^^^^^^^^^^^^^^^^^^^^^^^^^^^^^^^^^^^^^^^^^^^^^^^^^^^^^^^^^^^^^^^^^^^^^^^^^^^^^^^^^^^^^^^^^^^^^^^^^^^^^^^^^^^^^^^^^^^^^^^^^^^^^^^^^^^^^^^^^^^^^^^^^^^^^^^^^^^^^^^^^^^^^^^^^^^^^^^^^^^^^^^^^^^^^^^^^^^^^^^^^^^^^^^^^^^^^^^^^^^^^^^^^^^^^^^^^^^^^^^^^^^^^^^^^^^^^^^^^^^^^^^^^^^^^^^^^^^^^^^^^^^^^^^^^^^^^^^^^^^^^^^^^^^^^^^^^^^^^^^^^^^^^^^^^^^^^^^^^^^^^^^^^^^^^^^^^^^^^^^^^^^^^^^^^^^^^^^^^^^^^^^^^^^^^^^^^^^^^^^^^^^^^^^^^^^^^^^^^^^^^^^^^^^^^^^^^^^^^^^^^^^^^^^^^^^^^^^^^^^^^^^^^^^^^^^^^^^^^^^^^^^^^^^^^^^^^^^^^^^^^^^^^^^^^^^^^^^^^^^^^^^^^^^^^^^^^^^^^^^^^^^^^^^^^^^^^^^^^^^^^^^^^^^^^^^^^^^^^^^^^^^^^^^^^^^^^^^^^^^^^^^^^^^^^^^^^^^^^^^^^^^^^^^^^^^^^^^^^^^^^^^^^^^^^^^^^^^^^^^^^^^^^^^^^^^^^^^^^^^^^^^^^^^^^^^^^^^^^^^^^^^^^^^^^^^^^^^^^^^^^^^^^^^^^^^^^^^^^^^^^^^^^^^^^^^^^^^^^^^^^^^^^^^^^^^^^^^^^^^^^^^^^^^^^^^^^^^^^^^^^^^^^^^^^^^^^^^^^^^^^^^^^^^^^^^^^^^^^^^^^^^^^^^^^^^^^^^^^^^^^^^^^^^^^^^^^^^^^^^^^^^^^^^^^^^^^^^^^^^^^^^^^^^^^^^^^^^^^^^^^^^^^^^^^^^^^^^^^^^^^^^^^^^^^^^^^^^^^^^^^^^^^^^^^^^^^^^^^^^^^^^^^^^^^^^^^^^^^^^^^^^^^^^^^^^^^^^^^^^^^^^^^^^^^^^^^^^^^^^^^^^^^^^^^^^^^^^^^^^^^^^^^^^^^^^^^^^^^^^^^^^^^^^^^^^^^^^^^^^^^^^^^^^^^^^^^^^^^^^^^^^^^^^^^^^^^^^^^^^^^^^^^^^^^^^^^^^^^^^^^^^^^^^^^^^^^^^^^^^^^^^^^^^^^^^^^^^^^^^^^^^^^^^^^^^^^^^^^^^^^^^^^^^^^^^^^^^^^^^^^^^^^^^^^^^^^^^^^^^^^^^^^^^^^^^^^^^^^^^^^^^^^^^^^^^^^^^^^^^^^^^^^^^^^^^^^^^^^^^^^^^^^^^^^^^^^^^^^^^^^^^^^^^^^^^^^^^^^^^^^^^^^^^^^^^^^^^^^^^^^^^^^^^^^^^^^^^^^^^^^^^^^^^^^^^^^^^^^^^^^^^^^^^^^^^^^^^^^^^^^^^^^^^^^^^^^^^^^^^^^^^^^^^^^^^^^^^^^^^^^^^^^^^^^^^^^^^^^^^^^^^^^^^^^^^^^^^^^^^^^^^^^^^^^^^^^^^^^^^^^^^^^^^^^^^^^^^^^^^^^^^^^^^^^^^^^^^^^^^^^^^^^^^^^^^^^^^^^^^^^^^^^^^^^^^^^^^^^^^^^^^^^^^^^^^^^^^^^^^^^^^^^^^^^^^^^^^^^^^^^^^^^^^^^^^^^^^^^^^^^^^^^^^^^^^^^^^^^^^^^^^^^^^^^^^^^^^^^^^^^^^^^^^^^^^^^^^^^^^^^^^^^^^^^^^^^^^^^^^^^^^^^^^^^^^^^^^^^^^^^^^^^^^^^^^^^^^^^^^^^^^^^^^^^^^^^^^^^^^^^^^^^^^^^^^^^^^^^^^^^^^^^^^^^^^^^^^^^^^^^^^^^^^^^^^^^^^^^^^^^^^^^^^^^^^^^^^^^^^^^^^^^^^^^^^^^^^^^^^^^^^^^^^^^^^^^^^^^^^^^^^^^^^^^^^^^^^^^^^^^^^^^^^^^^^^^^^^^^^^^^^^^^^^^^^^^^^^^^^^^^^^^^^^^^^^^^^^^^^^^^^^^^^^^^^^^^^^^^^^^^^^^^^^^^^^^^^^^^^^^^^^^^^^^^^^^^^^^^^^^^^^^^^^^^^^^^^^^^^^^^^^^^^^^^^^^^^^^^^^^^^^^^^^^^^^^^^^^^^^^^^^^^^^^^^^^^^^^^^^^^^^^^^^^^^^^^^^^
 79 | }
    `----
  x Expression expected
    ,-[/home/netss/Projects/Metropolica/frontend/src/components/CanvasMap.tsx:79:1]
 76 |   }, [selectedEntity]);
 77 | 
 78 |   return <><canvas ref={canvasRef} id="city-canvas" tabIndex={0} /><button className="render-diagnostics-copy" onClick={() => copyRenderDiagnostics().catch(() => undefined)}>Copiar diagnóstico</button>{!miniVisible && <button className="minimap-show" onClick={() => setMiniVisible(true)}>Mostrar minimapa</button>}{miniVisible && <div className="test-minimap" style={{ left: miniPosition.x ?? undefined, right: miniPosition.x === null ? 16 : undefined, top: miniPosition.y }}><div className="minimap-header" onPointerDown={e => { const rect = e.currentTarget.parentElement!.getBoundingClientRect(); miniWindowDragRef.current = { dx: e.clientX - rect.left, dy: e.clientY - rect.top }; e.currentTarget.setPointerCapture(e.pointerId); }} onPointerMove={e => { if (miniWindowDragRef.current) setMiniPosition({ x: Math.max(0, e.clientX - miniWindowDragRef.current.dx), y: Math.max(0, e.clientY - miniWindowDragRef.current.dy) }); }} onPointerUp={() => { miniWindowDragRef.current = null; }}><span>MINIMAP · clic/arrastre</span><button onPointerDown={e => e.stopPropagation()} onClick={() => setMiniVisible(false)}>Ocultar</button></div><canvas ref={miniMapRef} width={288} height={216} /></div>}{selectedEntity && <div className={`inspector-wrapper ${isFading ? 'fade-out' : ''}`} onMouseEnter={resetFadeTimer} onMouseLeave={startFadeTimer} onClick={resetFadeTimer} onFocus={resetFadeTimer}>{selectedEntity.kind === 'citizen' && <CitizenInspector citizen={selectedEntity.value} hour={simState?.hour ?? 0} onClose={() => setSelectedEntity(null)} />}{selectedEntity.kind === 'house' && <HouseInspector house={selectedEntity.value} onClose={() => setSelectedEntity(null)} onSelectCitizen={selectCitizen} />}{selectedEntity.kind === 'tile' && <div className="citizen-inspector house-inspector"><button className="inspector-close" onClick={() => setSelectedEntity(null)} aria-label="Cerrar">×</button><small className="inspector-eyebrow">ELEMENTO DEL MAPA</small><strong className="inspector-title">{getFriendlyTileLabel(selectedEntity.value)}</strong><div className="inspector-location">⌖ {selectedEntity.value.owner ?? 'Sin distrito'} <small>({selectedEntity.value.col}, {selectedEntity.value.row})</small></div></div>}</div>}</>;
 79 | }
    : ^
    `----

Caused by:
    Syntax Error

Import trace for requested module:
./src/components/CanvasMap.tsx
./src/app/page.tsx
[HOME RENDER]
 GET / 200 in 332ms (next.js: 118ms, application-code: 214ms)
[browser] ./src/lib/buildingSprites.ts
Module parse failed: Export 'buildingVariant' is not defined (8:33)
| import { specialtyBuilding } from './buildings/specialty.ts';
| import { drawPark } from './buildings/park.ts';
> export { PROCEDURAL_DETAIL_ZOOM, buildingVariant };
| export function drawPowerPlant(args) {
|     const { ctx, zoom } = args;

Import trace for requested module:
./src/lib/buildingSprites.ts
./src/components/canvasMap/useMapRenderer.ts
./src/components/CanvasMap.tsx 
[browser] ./src/lib/buildingSprites.ts
Module parse failed: Export 'buildingVariant' is not defined (8:33)
| import { specialtyBuilding } from './buildings/specialty.ts';
| import { drawPark } from './buildings/park.ts';
> export { PROCEDURAL_DETAIL_ZOOM, buildingVariant };
| export function drawPowerPlant(args) {
|     const { ctx, zoom } = args;

Import trace for requested module:
./src/lib/buildingSprites.ts
./src/components/canvasMap/useMapRenderer.ts
./src/components/CanvasMap.tsx 
⨯ ./src/lib/buildingSprites.ts
Module parse failed: Export 'buildingVariant' is not defined (8:33)
| import { specialtyBuilding } from './buildings/specialty.ts';
| import { drawPark } from './buildings/park.ts';
> export { PROCEDURAL_DETAIL_ZOOM, buildingVariant };
| export function drawPowerPlant(args) {
|     const { ctx, zoom } = args;

Import trace for requested module:
./src/lib/buildingSprites.ts
./src/components/canvasMap/useMapRenderer.ts
./src/components/CanvasMap.tsx
[browser] ./src/lib/buildingSprites.ts
Module parse failed: Export 'buildingVariant' is not defined (8:33)
| import { specialtyBuilding } from './buildings/specialty.ts';
| import { drawPark } from './buildings/park.ts';
> export { PROCEDURAL_DETAIL_ZOOM, buildingVariant };
| export function drawPowerPlant(args) {
|     const { ctx, zoom } = args;

Import trace for requested module:
./src/lib/buildingSprites.ts
./src/components/canvasMap/useMapRenderer.ts
./src/components/CanvasMap.tsx 
[HOME RENDER]
 GET / 200 in 532ms (next.js: 147ms, application-code: 385ms)
Failed to proxy http://localhost:3000/api/state AggregateError: 
    at ignore-listed frames {
  code: 'ECONNREFUSED',
  [errors]: [
    Error: connect ECONNREFUSED ::1:3000
        at <unknown> (Error: connect ECONNREFUSED ::1:3000) {
      errno: -111,
      code: 'ECONNREFUSED',
      syscall: 'connect',
      address: '::1',
      port: 3000
    },
    Error: connect ECONNREFUSED 127.0.0.1:3000
        at <unknown> (Error: connect ECONNREFUSED 127.0.0.1:3000) {
      errno: -111,
      code: 'ECONNREFUSED',
      syscall: 'connect',
      address: '127.0.0.1',
      port: 3000
    }
  ]
}
AggregateError: 
    at ignore-listed frames {
  code: 'ECONNREFUSED',
  [errors]: [
    Error: connect ECONNREFUSED ::1:3000
        at <unknown> (Error: connect ECONNREFUSED ::1:3000) {
      errno: -111,
      code: 'ECONNREFUSED',
      syscall: 'connect',
      address: '::1',
      port: 3000
    },
    Error: connect ECONNREFUSED 127.0.0.1:3000
        at <unknown> (Error: connect ECONNREFUSED 127.0.0.1:3000) {
      errno: -111,
      code: 'ECONNREFUSED',
      syscall: 'connect',
      address: '127.0.0.1',
      port: 3000
    }
  ]
}
Failed to proxy http://localhost:3000/api/tilemap AggregateError: 
    at ignore-listed frames {
  code: 'ECONNREFUSED',
  [errors]: [
    Error: connect ECONNREFUSED ::1:3000
        at <unknown> (Error: connect ECONNREFUSED ::1:3000) {
      errno: -111,
      code: 'ECONNREFUSED',
      syscall: 'connect',
      address: '::1',
      port: 3000
    },
    Error: connect ECONNREFUSED 127.0.0.1:3000
        at <unknown> (Error: connect ECONNREFUSED 127.0.0.1:3000) {
      errno: -111,
      code: 'ECONNREFUSED',
      syscall: 'connect',
      address: '127.0.0.1',
      port: 3000
    }
  ]
}
AggregateError: 
    at ignore-listed frames {
  code: 'ECONNREFUSED',
  [errors]: [
    Error: connect ECONNREFUSED ::1:3000
        at <unknown> (Error: connect ECONNREFUSED ::1:3000) {
      errno: -111,
      code: 'ECONNREFUSED',
      syscall: 'connect',
      address: '::1',
      port: 3000
    },
    Error: connect ECONNREFUSED 127.0.0.1:3000
        at <unknown> (Error: connect ECONNREFUSED 127.0.0.1:3000) {
      errno: -111,
      code: 'ECONNREFUSED',
      syscall: 'connect',
      address: '127.0.0.1',
      port: 3000
    }
  ]
}
○ Compiling /_error ...
[HOME RENDER]
[HOME RENDER]
 GET / 200 in 3.3s (next.js: 3.1s, application-code: 182ms)
 GET / 200 in 97ms (next.js: 5ms, application-code: 93ms)
[HOME RENDER]
 GET / 200 in 331ms (next.js: 7ms, application-code: 324ms)
Failed to proxy http://localhost:3000/api/state AggregateError: 
    at ignore-listed frames {
  code: 'ECONNREFUSED',
  [errors]: [
    Error: connect ECONNREFUSED ::1:3000
        at <unknown> (Error: connect ECONNREFUSED ::1:3000) {
      errno: -111,
      code: 'ECONNREFUSED',
      syscall: 'connect',
      address: '::1',
      port: 3000
    },
    Error: connect ECONNREFUSED 127.0.0.1:3000
        at <unknown> (Error: connect ECONNREFUSED 127.0.0.1:3000) {
      errno: -111,
      code: 'ECONNREFUSED',
      syscall: 'connect',
      address: '127.0.0.1',
      port: 3000
    }
  ]
}
AggregateError: 
    at ignore-listed frames {
  code: 'ECONNREFUSED',
  [errors]: [
    Error: connect ECONNREFUSED ::1:3000
        at <unknown> (Error: connect ECONNREFUSED ::1:3000) {
      errno: -111,
      code: 'ECONNREFUSED',
      syscall: 'connect',
      address: '::1',
      port: 3000
    },
    Error: connect ECONNREFUSED 127.0.0.1:3000
        at <unknown> (Error: connect ECONNREFUSED 127.0.0.1:3000) {
      errno: -111,
      code: 'ECONNREFUSED',
      syscall: 'connect',
      address: '127.0.0.1',
      port: 3000
    }
  ]
}
Failed to proxy http://localhost:3000/api/tilemap AggregateError: 
    at ignore-listed frames {
  code: 'ECONNREFUSED',
  [errors]: [
    Error: connect ECONNREFUSED ::1:3000
        at <unknown> (Error: connect ECONNREFUSED ::1:3000) {
      errno: -111,
      code: 'ECONNREFUSED',
      syscall: 'connect',
      address: '::1',
      port: 3000
    },
    Error: connect ECONNREFUSED 127.0.0.1:3000
        at <unknown> (Error: connect ECONNREFUSED 127.0.0.1:3000) {
      errno: -111,
      code: 'ECONNREFUSED',
      syscall: 'connect',
      address: '127.0.0.1',
      port: 3000
    }
  ]
}
AggregateError: 
    at ignore-listed frames {
  code: 'ECONNREFUSED',
  [errors]: [
    Error: connect ECONNREFUSED ::1:3000
        at <unknown> (Error: connect ECONNREFUSED ::1:3000) {
      errno: -111,
      code: 'ECONNREFUSED',
      syscall: 'connect',
      address: '::1',
      port: 3000
    },
    Error: connect ECONNREFUSED 127.0.0.1:3000
        at <unknown> (Error: connect ECONNREFUSED 127.0.0.1:3000) {
      errno: -111,
      code: 'ECONNREFUSED',
      syscall: 'connect',
      address: '127.0.0.1',
      port: 3000
    }
  ]
}
○ Compiling /_error ...
Failed to proxy http://localhost:3000/api/state AggregateError: 
    at ignore-listed frames {
  code: 'ECONNREFUSED',
  [errors]: [
    Error: connect ECONNREFUSED ::1:3000
        at <unknown> (Error: connect ECONNREFUSED ::1:3000) {
      errno: -111,
      code: 'ECONNREFUSED',
      syscall: 'connect',
      address: '::1',
      port: 3000
    },
    Error: connect ECONNREFUSED 127.0.0.1:3000
        at <unknown> (Error: connect ECONNREFUSED 127.0.0.1:3000) {
      errno: -111,
      code: 'ECONNREFUSED',
      syscall: 'connect',
      address: '127.0.0.1',
      port: 3000
    }
  ]
}
AggregateError: 
    at ignore-listed frames {
  code: 'ECONNREFUSED',
  [errors]: [
    Error: connect ECONNREFUSED ::1:3000
        at <unknown> (Error: connect ECONNREFUSED ::1:3000) {
      errno: -111,
      code: 'ECONNREFUSED',
      syscall: 'connect',
      address: '::1',
      port: 3000
    },
    Error: connect ECONNREFUSED 127.0.0.1:3000
        at <unknown> (Error: connect ECONNREFUSED 127.0.0.1:3000) {
      errno: -111,
      code: 'ECONNREFUSED',
      syscall: 'connect',
      address: '127.0.0.1',
      port: 3000
    }
  ]
}
Failed to proxy http://localhost:3000/api/tilemap AggregateError: 
    at ignore-listed frames {
  code: 'ECONNREFUSED',
  [errors]: [
    Error: connect ECONNREFUSED ::1:3000
        at <unknown> (Error: connect ECONNREFUSED ::1:3000) {
      errno: -111,
      code: 'ECONNREFUSED',
      syscall: 'connect',
      address: '::1',
      port: 3000
    },
    Error: connect ECONNREFUSED 127.0.0.1:3000
        at <unknown> (Error: connect ECONNREFUSED 127.0.0.1:3000) {
      errno: -111,
      code: 'ECONNREFUSED',
      syscall: 'connect',
      address: '127.0.0.1',
      port: 3000
    }
  ]
}
AggregateError: 
    at ignore-listed frames {
  code: 'ECONNREFUSED',
  [errors]: [
    Error: connect ECONNREFUSED ::1:3000
        at <unknown> (Error: connect ECONNREFUSED ::1:3000) {
      errno: -111,
      code: 'ECONNREFUSED',
      syscall: 'connect',
      address: '::1',
      port: 3000
    },
    Error: connect ECONNREFUSED 127.0.0.1:3000
        at <unknown> (Error: connect ECONNREFUSED 127.0.0.1:3000) {
      errno: -111,
      code: 'ECONNREFUSED',
      syscall: 'connect',
      address: '127.0.0.1',
      port: 3000
    }
  ]
}
[browser] ./src/lib/constants.ts:24:56
Module not found: Can't resolve '../../../../shared/economyBalance.ts'
  22 | ...
  23 | ...
> 24 | ... TOOL_COSTS: Record<string, number> = { ...DEVELOPMENT_ECONOMY.construction };
     |                                               ^
  25 | ...
  26 | ... DISTRICT_ZONES = [
  27 | ...iferia',       startCol: 0,                        endCol: Math.floor(MAP_COLS*0.35)-1,...

https://nextjs.org/docs/messages/module-not-found

Import trace for requested module:
./src/components/Sidebar.tsx 
⨯ ./src/lib/constants.ts:24:56
Module not found: Can't resolve '../../../../shared/economyBalance.ts'
  22 | ...
  23 | ...
> 24 | ... TOOL_COSTS: Record<string, number> = { ...DEVELOPMENT_ECONOMY.construction };
     |                                               ^
  25 | ...
  26 | ... DISTRICT_ZONES = [
  27 | ...iferia',       startCol: 0,                        endCol: Math.floor(MAP_COLS*0.35)-1,...

https://nextjs.org/docs/messages/module-not-found

Import trace for requested module:
./src/components/Sidebar.tsx
[browser] ./src/lib/constants.ts:24:56
Module not found: Can't resolve '../../../../shared/economyBalance.ts'
  22 | ...
  23 | ...
> 24 | ... TOOL_COSTS: Record<string, number> = { ...DEVELOPMENT_ECONOMY.construction };
     |                                               ^
  25 | ...
  26 | ... DISTRICT_ZONES = [
  27 | ...iferia',       startCol: 0,                        endCol: Math.floor(MAP_COLS*0.35)-1,...

https://nextjs.org/docs/messages/module-not-found

Import trace for requested module:
./src/components/Sidebar.tsx 
[browser] ./src/lib/constants.ts:24:56
Module not found: Can't resolve '../../../../shared/economyBalance.ts'
  22 | ...
  23 | ...
> 24 | ... TOOL_COSTS: Record<string, number> = { ...DEVELOPMENT_ECONOMY.construction };
     |                                               ^
  25 | ...
  26 | ... DISTRICT_ZONES = [
  27 | ...iferia',       startCol: 0,                        endCol: Math.floor(MAP_COLS*0.35)-1,...

https://nextjs.org/docs/messages/module-not-found

Import trace for requested module:
./src/components/canvasMap/useMapRenderer.ts
./src/components/CanvasMap.tsx 
[browser] ./src/lib/constants.ts:24:56
Module not found: Can't resolve '../../../../shared/economyBalance.ts'
  22 | ...
  23 | ...
> 24 | ... TOOL_COSTS: Record<string, number> = { ...DEVELOPMENT_ECONOMY.construction };
     |                                               ^
  25 | ...
  26 | ... DISTRICT_ZONES = [
  27 | ...iferia',       startCol: 0,                        endCol: Math.floor(MAP_COLS*0.35)-1,...

https://nextjs.org/docs/messages/module-not-found

Import trace for requested module:
./src/components/Sidebar.tsx 
[browser] ./src/lib/constants.ts:24:56
Module not found: Can't resolve '../../../../shared/economyBalance.ts'
  22 | ...
  23 | ...
> 24 | ... TOOL_COSTS: Record<string, number> = { ...DEVELOPMENT_ECONOMY.construction };
     |                                               ^
  25 | ...
  26 | ... DISTRICT_ZONES = [
  27 | ...iferia',       startCol: 0,                        endCol: Math.floor(MAP_COLS*0.35)-1,...

https://nextjs.org/docs/messages/module-not-found

Import trace for requested module:
./src/components/canvasMap/useMapRenderer.ts
./src/components/CanvasMap.tsx 
[browser] ./src/lib/constants.ts:24:56
Module not found: Can't resolve '../../../../shared/economyBalance.ts'
  22 | ...
  23 | ...
> 24 | ... TOOL_COSTS: Record<string, number> = { ...DEVELOPMENT_ECONOMY.construction };
     |                                               ^
  25 | ...
  26 | ... DISTRICT_ZONES = [
  27 | ...iferia',       startCol: 0,                        endCol: Math.floor(MAP_COLS*0.35)-1,...

https://nextjs.org/docs/messages/module-not-found

Import trace for requested module:
./src/components/canvasMap/useMapRenderer.ts
./src/components/CanvasMap.tsx 
⨯ ./src/lib/constants.ts:24:56
Module not found: Can't resolve '../../../../shared/economyBalance.ts'
  22 | ...
  23 | ...
> 24 | ... TOOL_COSTS: Record<string, number> = { ...DEVELOPMENT_ECONOMY.construction };
     |                                               ^
  25 | ...
  26 | ... DISTRICT_ZONES = [
  27 | ...iferia',       startCol: 0,                        endCol: Math.floor(MAP_COLS*0.35)-1,...

https://nextjs.org/docs/messages/module-not-found

Import trace for requested module:
./src/components/Sidebar.tsx
[browser] ./src/lib/constants.ts:24:56
Module not found: Can't resolve '../../../../shared/economyBalance.ts'
  22 | ...
  23 | ...
> 24 | ... TOOL_COSTS: Record<string, number> = { ...DEVELOPMENT_ECONOMY.construction };
     |                                               ^
  25 | ...
  26 | ... DISTRICT_ZONES = [
  27 | ...iferia',       startCol: 0,                        endCol: Math.floor(MAP_COLS*0.35)-1,...

https://nextjs.org/docs/messages/module-not-found

Import trace for requested module:
./src/components/Sidebar.tsx 
[HOME RENDER]
 GET / 200 in 1160ms (next.js: 1038ms, application-code: 122ms)
⚠ Fast Refresh had to perform a full reload. Read more: https://nextjs.org/docs/messages/fast-refresh-reload
[HOME RENDER]
⨯ ReferenceError: Cannot access 'DEVELOPMENT_ECONOMY' before initialization
    at eval (src/lib/constants.ts:24:51)
    at (ssr)/./src/lib/constants.ts (.next/dev/server/app/page.js:661:1)
    at eval (webpack-internal:///(ssr)/./src/hooks/useGameState.ts:7:72)
    at (ssr)/./src/hooks/useGameState.ts (.next/dev/server/app/page.js:375:1)
    at eval (webpack-internal:///(ssr)/./src/components/GameProvider.tsx:8:77)
    at (ssr)/./src/components/GameProvider.tsx (.next/dev/server/app/page.js:276:1)
  22 | ...
  23 | ...
> 24 | ...const TOOL_COSTS: Record<string, number> = { ...DEVELOPMENT_ECONOMY.construction };
     |                                               ^
  25 | ...
  26 | ...const DISTRICT_ZONES = [
  27 | ... 'periferia',       startCol: 0,                        endCol: Math.floor(MAP_COLS*0.3... {
  digest: '2394371514'
}
 GET / 500 in 952ms (next.js: 18ms, application-code: 934ms)
[browser] ⨯ unhandledRejection: ReferenceError: Cannot access 'DEVELOPMENT_ECONOMY' before initialization
    at eval (src/lib/constants.ts:24:51)
    at (app-pages-browser)/./src/lib/constants.ts (.next/dev/static/chunks/app/page.js:468:1)
    at eval (webpack-internal:///(app-pages-browser)/./src/lib/isoRenderer.ts:9:68)
    at (app-pages-browser)/./src/lib/isoRenderer.ts (.next/dev/static/chunks/app/page.js:490:1)
    at eval (webpack-internal:///(app-pages-browser)/./src/components/canvasMap/useMapRenderer.ts:7:74)
    at (app-pages-browser)/./src/components/canvasMap/useMapRenderer.ts (.next/dev/static/chunks/app/page.js:160:1)
    at eval (webpack-internal:///(app-pages-browser)/./src/components/CanvasMap.tsx:11:83)
    at (app-pages-browser)/./src/components/CanvasMap.tsx (.next/dev/static/chunks/app/page.js:50:1)
  22 | ...
  23 | ...
> 24 | ...const TOOL_COSTS: Record<string, number> = { ...DEVELOPMENT_ECONOMY.construction };
     |                                               ^
  25 | ...
  26 | ...const DISTRICT_ZONES = [
  27 | ... 'periferia',       startCol: 0,                        endCol: Math.floor(MAP_COLS*0.3...
[browser] Uncaught ReferenceError: Cannot access 'DEVELOPMENT_ECONOMY' before initialization
    at eval (src/lib/constants.ts:24:51)
    at (app-pages-browser)/./src/lib/constants.ts (.next/dev/static/chunks/app/page.js:468:1)
    at eval (webpack-internal:///(app-pages-browser)/./src/hooks/useGameState.ts:7:72)
    at (app-pages-browser)/./src/hooks/useGameState.ts (.next/dev/static/chunks/app/page.js:182:1)
    at eval (webpack-internal:///(app-pages-browser)/./src/components/GameProvider.tsx:7:77)
    at (app-pages-browser)/./src/components/GameProvider.tsx (.next/dev/static/chunks/app/page.js:83:1)
    at Home (src/app/page.tsx:11:5)
  22 | ...
  23 | ...
> 24 | ...const TOOL_COSTS: Record<string, number> = { ...DEVELOPMENT_ECONOMY.construction };
     |                                               ^
  25 | ...
  26 | ...const DISTRICT_ZONES = [
  27 | ... 'periferia',       startCol: 0,                        endCol: Math.floor(MAP_COLS*0.3...
[browser] ⨯ unhandledRejection: ReferenceError: Cannot access 'DEVELOPMENT_ECONOMY' before initialization
    at eval (src/lib/constants.ts:24:51)
    at (app-pages-browser)/./src/lib/constants.ts (.next/dev/static/chunks/app/page.js:468:1)
    at eval (webpack-internal:///(app-pages-browser)/./src/hooks/useGameState.ts:7:72)
    at (app-pages-browser)/./src/hooks/useGameState.ts (.next/dev/static/chunks/app/page.js:182:1)
    at eval (webpack-internal:///(app-pages-browser)/./src/components/GameProvider.tsx:7:77)
    at (app-pages-browser)/./src/components/GameProvider.tsx (.next/dev/static/chunks/app/page.js:83:1)
  22 | ...
  23 | ...
> 24 | ...const TOOL_COSTS: Record<string, number> = { ...DEVELOPMENT_ECONOMY.construction };
     |                                               ^
  25 | ...
  26 | ...const DISTRICT_ZONES = [
  27 | ... 'periferia',       startCol: 0,                        endCol: Math.floor(MAP_COLS*0.3...
[browser] ⨯ unhandledRejection: ReferenceError: Cannot access 'DEVELOPMENT_ECONOMY' before initialization
    at eval (src/lib/constants.ts:24:51)
    at (app-pages-browser)/./src/lib/constants.ts (.next/dev/static/chunks/app/page.js:468:1)
    at eval (webpack-internal:///(app-pages-browser)/./src/components/Sidebar.tsx:9:72)
    at (app-pages-browser)/./src/components/Sidebar.tsx (.next/dev/static/chunks/app/page.js:127:1)
  22 | ...
  23 | ...
> 24 | ...const TOOL_COSTS: Record<string, number> = { ...DEVELOPMENT_ECONOMY.construction };
     |                                               ^
  25 | ...
  26 | ...const DISTRICT_ZONES = [
  27 | ... 'periferia',       startCol: 0,                        endCol: Math.floor(MAP_COLS*0.3...
⚠ Fast Refresh had to perform a full reload due to a runtime error.
[HOME RENDER]
⨯ ReferenceError: Cannot access 'DEVELOPMENT_ECONOMY' before initialization
    at eval (src/lib/constants.ts:24:51)
    at (ssr)/./src/lib/constants.ts (.next/dev/server/app/page.js:661:1)
    at eval (webpack-internal:///(ssr)/./src/hooks/useGameState.ts:7:72)
    at (ssr)/./src/hooks/useGameState.ts (.next/dev/server/app/page.js:375:1)
    at eval (webpack-internal:///(ssr)/./src/components/GameProvider.tsx:8:77)
    at (ssr)/./src/components/GameProvider.tsx (.next/dev/server/app/page.js:276:1)
  22 | ...
  23 | ...
> 24 | ...const TOOL_COSTS: Record<string, number> = { ...DEVELOPMENT_ECONOMY.construction };
     |                                               ^
  25 | ...
  26 | ...const DISTRICT_ZONES = [
  27 | ... 'periferia',       startCol: 0,                        endCol: Math.floor(MAP_COLS*0.3... {
  digest: '2394371514'
}
 GET / 500 in 1093ms (next.js: 114ms, application-code: 980ms)
[browser] ⨯ unhandledRejection: ReferenceError: Cannot access 'DEVELOPMENT_ECONOMY' before initialization
    at eval (src/lib/constants.ts:24:51)
    at (app-pages-browser)/./src/lib/constants.ts (.next/dev/static/chunks/app/page.js:468:1)
    at eval (webpack-internal:///(app-pages-browser)/./src/lib/isoRenderer.ts:9:68)
    at (app-pages-browser)/./src/lib/isoRenderer.ts (.next/dev/static/chunks/app/page.js:490:1)
    at eval (webpack-internal:///(app-pages-browser)/./src/components/canvasMap/useMapRenderer.ts:7:74)
    at (app-pages-browser)/./src/components/canvasMap/useMapRenderer.ts (.next/dev/static/chunks/app/page.js:160:1)
    at eval (webpack-internal:///(app-pages-browser)/./src/components/CanvasMap.tsx:11:83)
    at (app-pages-browser)/./src/components/CanvasMap.tsx (.next/dev/static/chunks/app/page.js:50:1)
  22 | ...
  23 | ...
> 24 | ...const TOOL_COSTS: Record<string, number> = { ...DEVELOPMENT_ECONOMY.construction };
     |                                               ^
  25 | ...
  26 | ...const DISTRICT_ZONES = [
  27 | ... 'periferia',       startCol: 0,                        endCol: Math.floor(MAP_COLS*0.3...
[browser] ⨯ unhandledRejection: ReferenceError: Cannot access 'DEVELOPMENT_ECONOMY' before initialization
    at eval (src/lib/constants.ts:24:51)
    at (app-pages-browser)/./src/lib/constants.ts (.next/dev/static/chunks/app/page.js:468:1)
    at eval (webpack-internal:///(app-pages-browser)/./src/hooks/useGameState.ts:7:72)
    at (app-pages-browser)/./src/hooks/useGameState.ts (.next/dev/static/chunks/app/page.js:182:1)
    at eval (webpack-internal:///(app-pages-browser)/./src/components/GameProvider.tsx:7:77)
    at (app-pages-browser)/./src/components/GameProvider.tsx (.next/dev/static/chunks/app/page.js:83:1)
  22 | ...
  23 | ...
> 24 | ...const TOOL_COSTS: Record<string, number> = { ...DEVELOPMENT_ECONOMY.construction };
     |                                               ^
  25 | ...
  26 | ...const DISTRICT_ZONES = [
  27 | ... 'periferia',       startCol: 0,                        endCol: Math.floor(MAP_COLS*0.3...
[browser] ⨯ unhandledRejection: ReferenceError: Cannot access 'DEVELOPMENT_ECONOMY' before initialization
    at eval (src/lib/constants.ts:24:51)
    at (app-pages-browser)/./src/lib/constants.ts (.next/dev/static/chunks/app/page.js:468:1)
    at eval (webpack-internal:///(app-pages-browser)/./src/components/Sidebar.tsx:9:72)
    at (app-pages-browser)/./src/components/Sidebar.tsx (.next/dev/static/chunks/app/page.js:127:1)
  22 | ...
  23 | ...
> 24 | ...const TOOL_COSTS: Record<string, number> = { ...DEVELOPMENT_ECONOMY.construction };
     |                                               ^
  25 | ...
  26 | ...const DISTRICT_ZONES = [
  27 | ... 'periferia',       startCol: 0,                        endCol: Math.floor(MAP_COLS*0.3...
[browser] Uncaught ReferenceError: Cannot access 'DEVELOPMENT_ECONOMY' before initialization
    at eval (src/lib/constants.ts:24:51)
    at (app-pages-browser)/./src/lib/constants.ts (.next/dev/static/chunks/app/page.js:468:1)
    at eval (webpack-internal:///(app-pages-browser)/./src/hooks/useGameState.ts:7:72)
    at (app-pages-browser)/./src/hooks/useGameState.ts (.next/dev/static/chunks/app/page.js:182:1)
    at eval (webpack-internal:///(app-pages-browser)/./src/components/GameProvider.tsx:7:77)
    at (app-pages-browser)/./src/components/GameProvider.tsx (.next/dev/static/chunks/app/page.js:83:1)
    at Home (src/app/page.tsx:11:5)
  22 | ...
  23 | ...
> 24 | ...const TOOL_COSTS: Record<string, number> = { ...DEVELOPMENT_ECONOMY.construction };
     |                                               ^
  25 | ...
  26 | ...const DISTRICT_ZONES = [
  27 | ... 'periferia',       startCol: 0,                        endCol: Math.floor(MAP_COLS*0.3...
⚠ Fast Refresh had to perform a full reload due to a runtime error.
[HOME RENDER]
⨯ TypeError: Cannot read properties of undefined (reading 'toLocaleString')
    at money (src/components/Sidebar.tsx:6:46)
    at Sidebar (src/components/Sidebar.tsx:47:252)
  4 | ...mport { TOOL_COSTS } from '../lib/constants';
  5 | ...
> 6 | ...onst money = (amount: number) => `$${amount.toLocaleString('en-US')}`;
    |                                                ^
  7 | ...
  8 | ...unction MenuGroup({ title, icon, open, onToggle, children }: { title: string; icon: stri...
  9 | ... return <section className={`build-group ${open ? 'open' : ''}`}> {
  digest: '2324771798'
}
 GET / 500 in 386ms (next.js: 245ms, application-code: 141ms)
[browser] Uncaught TypeError: Cannot read properties of undefined (reading 'toLocaleString')
    at money (src/components/Sidebar.tsx:6:46)
    at Sidebar (src/components/Sidebar.tsx:47:252)
    at Home (src/app/page.tsx:16:11)
  4 | ...mport { TOOL_COSTS } from '../lib/constants';
  5 | ...
> 6 | ...onst money = (amount: number) => `$${amount.toLocaleString('en-US')}`;
    |                                                ^
  7 | ...
  8 | ...unction MenuGroup({ title, icon, open, onToggle, children }: { title: string; icon: stri...
  9 | ... return <section className={`build-group ${open ? 'open' : ''}`}>
⚠ Fast Refresh had to perform a full reload due to a runtime error.
[HOME RENDER]
 GET / 200 in 346ms (next.js: 52ms, application-code: 294ms)
[HOME RENDER]
 GET / 200 in 377ms (next.js: 131ms, application-code: 245ms)
